<?xml version="1.0" encoding="UTF-8"?>
<!-- Generated by org.testng.reporters.JUnitReportReporter -->
<testsuite hostname="DESKTOP-F67N7PC" failures="0" tests="1" name="TestCases.verifySignin" time="22.959" errors="0" timestamp="2022-05-24T16:59:34 IST" skipped="0">
  <testcase classname="TestCases.verifySignin" name="enterCredentials" time="22.959"/>
  <system-out/>
</testsuite> <!-- TestCases.verifySignin -->
