<?xml version="1.0" encoding="UTF-8"?>
<!-- Generated by org.testng.reporters.JUnitReportReporter -->
<testsuite hostname="DESKTOP-F67N7PC" failures="0" tests="1" name="TestCases.verifysignup" time="69.669" errors="0" timestamp="2022-05-26T13:32:14 IST" skipped="0">
  <testcase classname="TestCases.verifysignup" name="signUpdata" time="69.669"/>
  <system-out/>
</testsuite> <!-- TestCases.verifysignup -->
