<?xml version="1.0" encoding="UTF-8"?>
<!-- Generated by org.testng.reporters.JUnitReportReporter -->
<testsuite hostname="DESKTOP-F67N7PC" failures="0" tests="2" name="TestCases.verifySignin" time="22.746" errors="0" timestamp="2022-05-26T16:34:50 IST" skipped="0">
  <testcase classname="TestCases.verifySignin" name="enterCredentials" time="9.407"/>
  <system-out/>
  <testcase classname="TestCases.verifySignin" name="enterCredentials" time="13.339"/>
  <system-out/>
</testsuite> <!-- TestCases.verifySignin -->
