<?xml version="1.0" encoding="UTF-8"?>
<!-- Generated by org.testng.reporters.JUnitReportReporter -->
<testsuite hostname="DESKTOP-F67N7PC" failures="0" tests="1" name="TestCases.verifysignup" time="51.861" errors="0" timestamp="2022-05-26T16:04:56 IST" skipped="0">
  <testcase classname="TestCases.verifysignup" name="signUpdata" time="51.861"/>
  <system-out/>
</testsuite> <!-- TestCases.verifysignup -->
